12-Aug-2021 04:33:11.304 INFO [main] org.apache.catalina.core.ApplicationContext.log ContextListener: contextInitialized()
12-Aug-2021 04:33:11.306 INFO [main] org.apache.catalina.core.ApplicationContext.log SessionListener: contextInitialized()
12-Aug-2021 04:33:11.314 INFO [main] org.apache.catalina.core.ApplicationContext.log ContextListener: attributeAdded('StockTicker', 'async.Stockticker@3efe7086')
12-Aug-2021 04:34:29.579 INFO [main] org.apache.catalina.core.ApplicationContext.log SessionListener: contextDestroyed()
12-Aug-2021 04:34:29.580 INFO [main] org.apache.catalina.core.ApplicationContext.log ContextListener: contextDestroyed()
12-Aug-2021 04:34:42.336 INFO [main] org.apache.catalina.core.ApplicationContext.log ContextListener: contextInitialized()
12-Aug-2021 04:34:42.339 INFO [main] org.apache.catalina.core.ApplicationContext.log SessionListener: contextInitialized()
12-Aug-2021 04:34:42.347 INFO [main] org.apache.catalina.core.ApplicationContext.log ContextListener: attributeAdded('StockTicker', 'async.Stockticker@741b3bc3')
12-Aug-2021 04:36:34.608 INFO [Catalina-utility-1] org.apache.catalina.core.ApplicationContext.log 2 Spring WebApplicationInitializers detected on classpath
12-Aug-2021 04:38:01.351 INFO [main] org.apache.catalina.core.ApplicationContext.log SessionListener: contextDestroyed()
12-Aug-2021 04:38:01.352 INFO [main] org.apache.catalina.core.ApplicationContext.log ContextListener: contextDestroyed()
12-Aug-2021 04:38:36.151 INFO [main] org.apache.catalina.core.ApplicationContext.log 2 Spring WebApplicationInitializers detected on classpath
12-Aug-2021 04:38:39.231 INFO [main] org.apache.catalina.core.ApplicationContext.log ContextListener: contextInitialized()
12-Aug-2021 04:38:39.232 INFO [main] org.apache.catalina.core.ApplicationContext.log SessionListener: contextInitialized()
12-Aug-2021 04:38:39.240 INFO [main] org.apache.catalina.core.ApplicationContext.log ContextListener: attributeAdded('StockTicker', 'async.Stockticker@233d2b76')
12-Aug-2021 04:42:54.206 INFO [Catalina-utility-2] org.apache.catalina.core.ApplicationContext.log 2 Spring WebApplicationInitializers detected on classpath
12-Aug-2021 04:43:41.584 INFO [main] org.apache.catalina.core.ApplicationContext.log SessionListener: contextDestroyed()
12-Aug-2021 04:43:41.585 INFO [main] org.apache.catalina.core.ApplicationContext.log ContextListener: contextDestroyed()
12-Aug-2021 04:48:54.052 INFO [main] org.apache.catalina.core.ApplicationContext.log 2 Spring WebApplicationInitializers detected on classpath
12-Aug-2021 04:48:56.769 INFO [main] org.apache.catalina.core.ApplicationContext.log ContextListener: contextInitialized()
12-Aug-2021 04:48:56.769 INFO [main] org.apache.catalina.core.ApplicationContext.log SessionListener: contextInitialized()
12-Aug-2021 04:48:56.785 INFO [main] org.apache.catalina.core.ApplicationContext.log ContextListener: attributeAdded('StockTicker', 'async.Stockticker@4d2f8ee7')
12-Aug-2021 04:50:19.518 INFO [main] org.apache.catalina.core.ApplicationContext.log SessionListener: contextDestroyed()
12-Aug-2021 04:50:19.519 INFO [main] org.apache.catalina.core.ApplicationContext.log ContextListener: contextDestroyed()
12-Aug-2021 04:50:52.196 INFO [main] org.apache.catalina.core.ApplicationContext.log 2 Spring WebApplicationInitializers detected on classpath
12-Aug-2021 04:50:54.874 INFO [main] org.apache.catalina.core.ApplicationContext.log ContextListener: contextInitialized()
12-Aug-2021 04:50:54.874 INFO [main] org.apache.catalina.core.ApplicationContext.log SessionListener: contextInitialized()
12-Aug-2021 04:50:54.881 INFO [main] org.apache.catalina.core.ApplicationContext.log ContextListener: attributeAdded('StockTicker', 'async.Stockticker@2c7607e5')
12-Aug-2021 04:50:57.773 INFO [main] org.apache.catalina.core.ApplicationContext.log SessionListener: contextDestroyed()
12-Aug-2021 04:50:57.774 INFO [main] org.apache.catalina.core.ApplicationContext.log ContextListener: contextDestroyed()
12-Aug-2021 04:52:23.506 INFO [main] org.apache.catalina.core.ApplicationContext.log 2 Spring WebApplicationInitializers detected on classpath
12-Aug-2021 04:52:26.872 INFO [main] org.apache.catalina.core.ApplicationContext.log ContextListener: contextInitialized()
12-Aug-2021 04:52:26.872 INFO [main] org.apache.catalina.core.ApplicationContext.log SessionListener: contextInitialized()
12-Aug-2021 04:52:26.880 INFO [main] org.apache.catalina.core.ApplicationContext.log ContextListener: attributeAdded('StockTicker', 'async.Stockticker@55a2f08b')
12-Aug-2021 04:52:29.778 INFO [main] org.apache.catalina.core.ApplicationContext.log SessionListener: contextDestroyed()
12-Aug-2021 04:52:29.788 INFO [main] org.apache.catalina.core.ApplicationContext.log ContextListener: contextDestroyed()
12-Aug-2021 04:57:06.092 INFO [main] org.apache.catalina.core.ApplicationContext.log ContextListener: contextInitialized()
12-Aug-2021 04:57:06.093 INFO [main] org.apache.catalina.core.ApplicationContext.log SessionListener: contextInitialized()
12-Aug-2021 04:57:06.104 INFO [main] org.apache.catalina.core.ApplicationContext.log ContextListener: attributeAdded('StockTicker', 'async.Stockticker@5ae76500')
12-Aug-2021 04:57:09.744 INFO [main] org.apache.catalina.core.ApplicationContext.log SessionListener: contextDestroyed()
12-Aug-2021 04:57:09.746 INFO [main] org.apache.catalina.core.ApplicationContext.log ContextListener: contextDestroyed()
12-Aug-2021 04:58:37.334 INFO [main] org.apache.catalina.core.ApplicationContext.log ContextListener: contextInitialized()
12-Aug-2021 04:58:37.337 INFO [main] org.apache.catalina.core.ApplicationContext.log SessionListener: contextInitialized()
12-Aug-2021 04:58:37.347 INFO [main] org.apache.catalina.core.ApplicationContext.log ContextListener: attributeAdded('StockTicker', 'async.Stockticker@482d776b')
12-Aug-2021 04:58:40.240 INFO [main] org.apache.catalina.core.ApplicationContext.log SessionListener: contextDestroyed()
12-Aug-2021 04:58:40.243 INFO [main] org.apache.catalina.core.ApplicationContext.log ContextListener: contextDestroyed()
12-Aug-2021 04:59:42.559 INFO [main] org.apache.catalina.core.ApplicationContext.log ContextListener: contextInitialized()
12-Aug-2021 04:59:42.563 INFO [main] org.apache.catalina.core.ApplicationContext.log SessionListener: contextInitialized()
12-Aug-2021 04:59:42.570 INFO [main] org.apache.catalina.core.ApplicationContext.log ContextListener: attributeAdded('StockTicker', 'async.Stockticker@7a7471ce')
12-Aug-2021 05:01:32.877 INFO [main] org.apache.catalina.core.ApplicationContext.log SessionListener: contextDestroyed()
12-Aug-2021 05:01:32.878 INFO [main] org.apache.catalina.core.ApplicationContext.log ContextListener: contextDestroyed()
12-Aug-2021 05:04:41.117 INFO [main] org.apache.catalina.core.ApplicationContext.log ContextListener: contextInitialized()
12-Aug-2021 05:04:41.121 INFO [main] org.apache.catalina.core.ApplicationContext.log SessionListener: contextInitialized()
12-Aug-2021 05:04:41.129 INFO [main] org.apache.catalina.core.ApplicationContext.log ContextListener: attributeAdded('StockTicker', 'async.Stockticker@7a7471ce')
12-Aug-2021 05:06:41.786 INFO [main] org.apache.catalina.core.ApplicationContext.log SessionListener: contextDestroyed()
12-Aug-2021 05:06:41.788 INFO [main] org.apache.catalina.core.ApplicationContext.log ContextListener: contextDestroyed()
